 Scheduler started
Invalid HTTP_HOST header: '127.0.0.1:8000'. You may need to add '127.0.0.1' to ALLOWED_HOSTS.
Traceback (most recent call last):
  File "C:\Users\genti\OneDrive\Documentos\gestao_eventos\dhenv\Lib\site-packages\django\core\handlers\exception.py", line 55, in inner
    response = get_response(request)
               ^^^^^^^^^^^^^^^^^^^^^
  File "C:\Users\genti\OneDrive\Documentos\gestao_eventos\dhenv\Lib\site-packages\django\utils\deprecation.py", line 133, in __call__
    response = self.process_request(request)
               ^^^^^^^^^^^^^^^^^^^^^^^^^^^^^
  File "C:\Users\genti\OneDrive\Documentos\gestao_eventos\dhenv\Lib\site-packages\django\middleware\common.py", line 48, in process_request
    host = request.get_host()
           ^^^^^^^^^^^^^^^^^^
  File "C:\Users\genti\OneDrive\Documentos\gestao_eventos\dhenv\Lib\site-packages\django\http\request.py", line 151, in get_host
    raise DisallowedHost(msg)
django.core.exceptions.DisallowedHost: Invalid HTTP_HOST header: '127.0.0.1:8000'. You may need to add '127.0.0.1' to ALLOWED_HOSTS.
Bad Request: /
"GET / HTTP/1.1" 400 143
Scheduler started
Scheduler started
Invalid HTTP_HOST header: '127.0.0.1:8000'. You may need to add '127.0.0.1' to ALLOWED_HOSTS.
Traceback (most recent call last):
  File "C:\Users\genti\OneDrive\Documentos\gestao_eventos\dhenv\Lib\site-packages\django\core\handlers\exception.py", line 55, in inner
    response = get_response(request)
               ^^^^^^^^^^^^^^^^^^^^^
  File "C:\Users\genti\OneDrive\Documentos\gestao_eventos\dhenv\Lib\site-packages\django\utils\deprecation.py", line 133, in __call__
    response = self.process_request(request)
               ^^^^^^^^^^^^^^^^^^^^^^^^^^^^^
  File "C:\Users\genti\OneDrive\Documentos\gestao_eventos\dhenv\Lib\site-packages\django\middleware\common.py", line 48, in process_request
    host = request.get_host()
           ^^^^^^^^^^^^^^^^^^
  File "C:\Users\genti\OneDrive\Documentos\gestao_eventos\dhenv\Lib\site-packages\django\http\request.py", line 151, in get_host
    raise DisallowedHost(msg)
django.core.exceptions.DisallowedHost: Invalid HTTP_HOST header: '127.0.0.1:8000'. You may need to add '127.0.0.1' to ALLOWED_HOSTS.
Bad Request: /
"GET / HTTP/1.1" 400 143
Artista 7 com informações incompletas.
Artista 6 com informações incompletas.
Scheduler started
Mensagem 28 criada e agendada para envio.
Artista 7 com informações incompletas.
Artista 6 com informações incompletas.
Artista 7 com informações incompletas.
Mensagem 28 está atrasada.
Artista 6 com informações incompletas.
Mensagem ID 28 enviada com sucesso para o artista Vilce.
Artista 7 com informações incompletas.
Artista 6 com informações incompletas.
